<?xml version="1.0" encoding="UTF-8"?>
<!-- Generated by org.testng.reporters.JUnitReportReporter -->
<testsuite hostname="NODE511" name="com.selenium.project.SeleniumDemo.RodanFieldTest" tests="2" failures="0" timestamp="2 Sep 2016 09:04:51 GMT" time="123.237" errors="0">
  <testcase name="t2" time="62.898" classname="com.selenium.project.SeleniumDemo.RodanFieldTest"/>
  <testcase name="t1" time="60.339" classname="com.selenium.project.SeleniumDemo.RodanFieldTest"/>
</testsuite> <!-- com.selenium.project.SeleniumDemo.RodanFieldTest -->
